<?xml version="1.0" encoding="UTF-8"?>
<!-- Generated by org.testng.reporters.JUnitReportReporter -->
<testsuite hostname="LAPTOP-KU908457" failures="0" tests="1" name="demo2.ClassSeven" time="0.007" errors="0" timestamp="2022-06-12T19:36:13 IST" skipped="0">
  <testcase classname="demo2.ClassSeven" name="testSeven" time="0.007"/>
  <system-out/>
</testsuite> <!-- demo2.ClassSeven -->
