<?xml version="1.0" encoding="UTF-8"?>
<!-- Generated by org.testng.reporters.JUnitReportReporter -->
<testsuite hostname="LAPTOP-KU908457" failures="0" tests="1" name="demo1.ClassFive" time="0.001" errors="0" timestamp="2022-06-12T19:56:14 IST" skipped="0">
  <testcase classname="demo1.ClassFive" name="testFive" time="0.001"/>
  <system-out/>
</testsuite> <!-- demo1.ClassFive -->
