<?xml version="1.0" encoding="UTF-8"?>
<!-- Generated by org.testng.reporters.JUnitReportReporter -->
<testsuite hostname="LAPTOP-KU908457" failures="0" tests="3" name="Test1.Demoone" time="0.005" errors="0" timestamp="2022-06-12T18:47:52 IST" skipped="0">
  <testcase classname="Test1.Demoone" name="testRegistration" time="0.003"/>
  <system-out/>
  <testcase classname="Test1.Demoone" name="testLogin" time="0.001"/>
  <system-out/>
  <testcase classname="Test1.Demoone" name="testHomePage" time="0.001"/>
  <system-out/>
</testsuite> <!-- Test1.Demoone -->
