<?xml version="1.0" encoding="UTF-8"?>
<!-- Generated by org.testng.reporters.JUnitReportReporter -->
<testsuite hostname="LAPTOP-KU908457" failures="0" tests="1" name="demoPkg.ClassFour" time="0.004" errors="0" timestamp="2022-06-12T19:56:14 IST" skipped="0">
  <testcase classname="demoPkg.ClassFour" name="testFour" time="0.004"/>
  <system-out/>
</testsuite> <!-- demoPkg.ClassFour -->
